<?xml version="1.0" encoding="UTF-8"?>
<coverage generated="1643885140126" clover="3.2.0">
  <project timestamp="1643885140126" name="All files">
    <metrics statements="47" coveredstatements="24" conditionals="8" coveredconditionals="5" methods="15" coveredmethods="6" elements="70" coveredelements="35" complexity="0" loc="47" ncloc="47" packages="1" files="2" classes="2"/>
    <file name="CRUD.js" path="C:\Microverse Javascript\Testing_To_Do_App-Jest-\src\CRUD.js">
      <metrics statements="43" coveredstatements="20" conditionals="4" coveredconditionals="1" methods="13" coveredmethods="4"/>
      <line num="3" count="1" type="stmt"/>
      <line num="5" count="5" type="cond" truecount="1" falsecount="1"/>
      <line num="6" count="0" type="stmt"/>
      <line num="8" count="5" type="stmt"/>
      <line num="11" count="5" type="stmt"/>
      <line num="12" count="5" type="stmt"/>
      <line num="17" count="5" type="stmt"/>
      <line num="18" count="5" type="stmt"/>
      <line num="19" count="5" type="stmt"/>
      <line num="22" count="1" type="stmt"/>
      <line num="23" count="2" type="stmt"/>
      <line num="24" count="9" type="stmt"/>
      <line num="25" count="2" type="stmt"/>
      <line num="26" count="7" type="stmt"/>
      <line num="28" count="2" type="stmt"/>
      <line num="29" count="2" type="stmt"/>
      <line num="32" count="1" type="stmt"/>
      <line num="33" count="0" type="stmt"/>
      <line num="34" count="0" type="stmt"/>
      <line num="35" count="0" type="stmt"/>
      <line num="38" count="1" type="stmt"/>
      <line num="39" count="0" type="stmt"/>
      <line num="40" count="0" type="stmt"/>
      <line num="41" count="0" type="stmt"/>
      <line num="45" count="1" type="stmt"/>
      <line num="46" count="0" type="stmt"/>
      <line num="47" count="0" type="stmt"/>
      <line num="48" count="0" type="stmt"/>
      <line num="50" count="0" type="cond" truecount="0" falsecount="2"/>
      <line num="51" count="0" type="stmt"/>
      <line num="53" count="0" type="stmt"/>
      <line num="64" count="1" type="stmt"/>
      <line num="65" count="0" type="stmt"/>
      <line num="66" count="0" type="stmt"/>
      <line num="67" count="0" type="stmt"/>
      <line num="68" count="0" type="stmt"/>
      <line num="71" count="1" type="stmt"/>
      <line num="72" count="0" type="stmt"/>
      <line num="73" count="0" type="stmt"/>
      <line num="74" count="0" type="stmt"/>
      <line num="75" count="0" type="stmt"/>
      <line num="77" count="0" type="stmt"/>
      <line num="78" count="0" type="stmt"/>
    </file>
    <file name="storageManager.js" path="C:\Microverse Javascript\Testing_To_Do_App-Jest-\src\storageManager.js">
      <metrics statements="4" coveredstatements="4" conditionals="4" coveredconditionals="4" methods="2" coveredmethods="2"/>
      <line num="3" count="12" type="cond" truecount="4" falsecount="0"/>
      <line num="4" count="2" type="stmt"/>
      <line num="6" count="10" type="stmt"/>
      <line num="10" count="7" type="stmt"/>
    </file>
  </project>
</coverage>
