{"C:\\Microverse Javascript\\Testing_To_Do_App-Jest-\\src\\CRUD.js": {"path":"C:\\Microverse Javascript\\Testing_To_Do_App-Jest-\\src\\CRUD.js","statementMap":{"0":{"start":{"line":3,"column":23},"end":{"line":20,"column":1}},"1":{"start":{"line":5,"column":2},"end":{"line":9,"column":3}},"2":{"start":{"line":6,"column":4},"end":{"line":6,"column":13}},"3":{"start":{"line":8,"column":4},"end":{"line":8,"column":39}},"4":{"start":{"line":11,"column":17},"end":{"line":11,"column":31}},"5":{"start":{"line":12,"column":14},"end":{"line":16,"column":3}},"6":{"start":{"line":17,"column":2},"end":{"line":17,"column":16}},"7":{"start":{"line":18,"column":2},"end":{"line":18,"column":34}},"8":{"start":{"line":19,"column":2},"end":{"line":19,"column":13}},"9":{"start":{"line":22,"column":26},"end":{"line":30,"column":1}},"10":{"start":{"line":23,"column":12},"end":{"line":23,"column":40}},"11":{"start":{"line":24,"column":2},"end":{"line":24,"column":64}},"12":{"start":{"line":24,"column":26},"end":{"line":24,"column":62}},"13":{"start":{"line":25,"column":2},"end":{"line":27,"column":5}},"14":{"start":{"line":26,"column":4},"end":{"line":26,"column":27}},"15":{"start":{"line":28,"column":2},"end":{"line":28,"column":34}},"16":{"start":{"line":29,"column":2},"end":{"line":29,"column":12}},"17":{"start":{"line":32,"column":26},"end":{"line":36,"column":1}},"18":{"start":{"line":33,"column":14},"end":{"line":33,"column":42}},"19":{"start":{"line":34,"column":2},"end":{"line":34,"column":41}},"20":{"start":{"line":35,"column":2},"end":{"line":35,"column":34}},"21":{"start":{"line":38,"column":35},"end":{"line":43,"column":1}},"22":{"start":{"line":39,"column":27},"end":{"line":39,"column":32}},"23":{"start":{"line":40,"column":2},"end":{"line":42,"column":5}},"24":{"start":{"line":41,"column":4},"end":{"line":41,"column":43}},"25":{"start":{"line":45,"column":28},"end":{"line":62,"column":1}},"26":{"start":{"line":46,"column":22},"end":{"line":46,"column":50}},"27":{"start":{"line":47,"column":2},"end":{"line":47,"column":26}},"28":{"start":{"line":48,"column":2},"end":{"line":61,"column":5}},"29":{"start":{"line":50,"column":4},"end":{"line":52,"column":5}},"30":{"start":{"line":51,"column":6},"end":{"line":51,"column":27}},"31":{"start":{"line":53,"column":4},"end":{"line":60,"column":11}},"32":{"start":{"line":64,"column":29},"end":{"line":69,"column":1}},"33":{"start":{"line":65,"column":14},"end":{"line":65,"column":42}},"34":{"start":{"line":66,"column":2},"end":{"line":66,"column":43}},"35":{"start":{"line":67,"column":2},"end":{"line":67,"column":34}},"36":{"start":{"line":68,"column":2},"end":{"line":68,"column":30}},"37":{"start":{"line":71,"column":27},"end":{"line":79,"column":1}},"38":{"start":{"line":72,"column":12},"end":{"line":72,"column":40}},"39":{"start":{"line":73,"column":2},"end":{"line":73,"column":54}},"40":{"start":{"line":73,"column":29},"end":{"line":73,"column":52}},"41":{"start":{"line":74,"column":2},"end":{"line":76,"column":5}},"42":{"start":{"line":75,"column":4},"end":{"line":75,"column":27}},"43":{"start":{"line":77,"column":2},"end":{"line":77,"column":34}},"44":{"start":{"line":78,"column":2},"end":{"line":78,"column":30}}},"fnMap":{"0":{"name":"(anonymous_0)","decl":{"start":{"line":3,"column":23},"end":{"line":3,"column":24}},"loc":{"start":{"line":3,"column":34},"end":{"line":20,"column":1}},"line":3},"1":{"name":"(anonymous_1)","decl":{"start":{"line":22,"column":26},"end":{"line":22,"column":27}},"loc":{"start":{"line":22,"column":34},"end":{"line":30,"column":1}},"line":22},"2":{"name":"(anonymous_2)","decl":{"start":{"line":24,"column":19},"end":{"line":24,"column":20}},"loc":{"start":{"line":24,"column":26},"end":{"line":24,"column":62}},"line":24},"3":{"name":"(anonymous_3)","decl":{"start":{"line":25,"column":14},"end":{"line":25,"column":15}},"loc":{"start":{"line":25,"column":31},"end":{"line":27,"column":3}},"line":25},"4":{"name":"(anonymous_4)","decl":{"start":{"line":32,"column":26},"end":{"line":32,"column":27}},"loc":{"start":{"line":32,"column":41},"end":{"line":36,"column":1}},"line":32},"5":{"name":"(anonymous_5)","decl":{"start":{"line":38,"column":35},"end":{"line":38,"column":36}},"loc":{"start":{"line":38,"column":50},"end":{"line":43,"column":1}},"line":38},"6":{"name":"(anonymous_6)","decl":{"start":{"line":40,"column":33},"end":{"line":40,"column":34}},"loc":{"start":{"line":40,"column":39},"end":{"line":42,"column":3}},"line":40},"7":{"name":"(anonymous_7)","decl":{"start":{"line":45,"column":28},"end":{"line":45,"column":29}},"loc":{"start":{"line":45,"column":40},"end":{"line":62,"column":1}},"line":45},"8":{"name":"(anonymous_8)","decl":{"start":{"line":48,"column":22},"end":{"line":48,"column":23}},"loc":{"start":{"line":48,"column":32},"end":{"line":61,"column":3}},"line":48},"9":{"name":"(anonymous_9)","decl":{"start":{"line":64,"column":29},"end":{"line":64,"column":30}},"loc":{"start":{"line":64,"column":62},"end":{"line":69,"column":1}},"line":64},"10":{"name":"(anonymous_10)","decl":{"start":{"line":71,"column":27},"end":{"line":71,"column":28}},"loc":{"start":{"line":71,"column":46},"end":{"line":79,"column":1}},"line":71},"11":{"name":"(anonymous_11)","decl":{"start":{"line":73,"column":19},"end":{"line":73,"column":20}},"loc":{"start":{"line":73,"column":29},"end":{"line":73,"column":52}},"line":73},"12":{"name":"(anonymous_12)","decl":{"start":{"line":74,"column":14},"end":{"line":74,"column":15}},"loc":{"start":{"line":74,"column":31},"end":{"line":76,"column":3}},"line":74}},"branchMap":{"0":{"loc":{"start":{"line":5,"column":2},"end":{"line":9,"column":3}},"type":"if","locations":[{"start":{"line":5,"column":2},"end":{"line":9,"column":3}},{"start":{"line":7,"column":9},"end":{"line":9,"column":3}}],"line":5},"1":{"loc":{"start":{"line":50,"column":4},"end":{"line":52,"column":5}},"type":"if","locations":[{"start":{"line":50,"column":4},"end":{"line":52,"column":5}},{"start":{},"end":{}}],"line":50}},"s":{"0":1,"1":1,"2":0,"3":1,"4":1,"5":1,"6":1,"7":1,"8":1,"9":1,"10":0,"11":0,"12":0,"13":0,"14":0,"15":0,"16":0,"17":1,"18":0,"19":0,"20":0,"21":1,"22":0,"23":0,"24":0,"25":1,"26":0,"27":0,"28":0,"29":0,"30":0,"31":0,"32":1,"33":0,"34":0,"35":0,"36":0,"37":1,"38":0,"39":0,"40":0,"41":0,"42":0,"43":0,"44":0},"f":{"0":1,"1":0,"2":0,"3":0,"4":0,"5":0,"6":0,"7":0,"8":0,"9":0,"10":0,"11":0,"12":0},"b":{"0":[0,1],"1":[0,0]},"_coverageSchema":"1a1c01bbd47fc00a2c39e90264f33305004495a9","hash":"04528fa321215db6a50c9792e6ffd0d28078abd4"}
,"C:\\Microverse Javascript\\Testing_To_Do_App-Jest-\\src\\storageManager.js": {"path":"C:\\Microverse Javascript\\Testing_To_Do_App-Jest-\\src\\storageManager.js","statementMap":{"0":{"start":{"line":3,"column":4},"end":{"line":5,"column":5}},"1":{"start":{"line":4,"column":6},"end":{"line":4,"column":16}},"2":{"start":{"line":6,"column":4},"end":{"line":6,"column":53}},"3":{"start":{"line":10,"column":4},"end":{"line":10,"column":55}}},"fnMap":{"0":{"name":"(anonymous_0)","decl":{"start":{"line":2,"column":2},"end":{"line":2,"column":3}},"loc":{"start":{"line":2,"column":23},"end":{"line":7,"column":3}},"line":2},"1":{"name":"(anonymous_1)","decl":{"start":{"line":9,"column":2},"end":{"line":9,"column":3}},"loc":{"start":{"line":9,"column":26},"end":{"line":11,"column":3}},"line":9}},"branchMap":{"0":{"loc":{"start":{"line":3,"column":4},"end":{"line":5,"column":5}},"type":"if","locations":[{"start":{"line":3,"column":4},"end":{"line":5,"column":5}},{"start":{},"end":{}}],"line":3},"1":{"loc":{"start":{"line":3,"column":8},"end":{"line":3,"column":99}},"type":"binary-expr","locations":[{"start":{"line":3,"column":8},"end":{"line":3,"column":48}},{"start":{"line":3,"column":52},"end":{"line":3,"column":99}}],"line":3}},"s":{"0":2,"1":2,"2":0,"3":1},"f":{"0":2,"1":1},"b":{"0":[2,0],"1":[2,0]},"_coverageSchema":"1a1c01bbd47fc00a2c39e90264f33305004495a9","hash":"c9ee37cd2736ae986651c5b7c6db905096b3c1b7"}
}
